INFO: mdmode==0, setting isQEQ is 1. Atomic velocities is scaled to      300.000 [K] every    100 steps.
         # of atoms per type:   1            125
         # of atoms per type:   2              0
         # of atoms per type:   3            306
         # of atoms per type:   4              0
         # of atoms per type:   5              0
         # of atoms per type:   6            116
         # of atoms per type:   7              0
----------------------------------------------------------------
         req/alloc # of procs:        1  /        1
         req proc arrengement:        1        1        1
                parameter set:Reactive MD-force field: c/h/o/Si/C April 3 2012                      
                time step[fs]:    5.00E-01
                       MDMODE:    0
  isQEq,QEq_tol,NMAXQEq,qstep:     1   1.0E-06   500     1
                Lex_fqs,Lex_k:   1.000   2.000
            treq,vsfact,sstep:     300.000   1.000      100
                  fstep,pstep:   500    10
                  CURRENTSTEP:          0
                    NTIMESTPE:         1000
               NATOMS GNATOMS:                     547                     547
         NBUFFER_N, NBUFFER_P:     20000      2000
                         LBOX:       1.000       1.000       1.000
                  Hmatrix [A]:         30.000          0.000          0.000
                  Hmatrix [A]:          0.000         30.000          0.000
                  Hmatrix [A]:          0.000          0.000         30.000
               lata,latb,latc:      30.000      30.000      30.000
          lalpha,lbeta,lgamma:      90.000      90.000      90.000
               density [g/cc]:    0.5935
         # of linkedlist cell:     8     8     8
            maxrc, lcsize [A]:     3.390        3.75      3.75      3.75
            NMINCELL, NCELL10:     3     3
     MAXNEIGHBS, MAXNEIGHBS10:    50   500
         NBUFFER_P, NBUFFER_N:     2000    20000
----------------------------------------------------------------
nstep  TE  PE  KE: 1-Ebond 2-(Elnpr,Eover,Eunder) 3-(Eval,Epen,Ecoa) 4-(Etors,Econj) 5-Ehbond 6-(Evdw,EClmb,Echarge)
 
        0 -9.01118E+01 -9.01118E+01  0.00000E+00 -1.077E+02 -3.309E+00 -4.389E+00  2.788E+01 -1.453E+01  8.590E+00     0.00    0.00   -0.00  26    0.06
       10 -8.92218E+01 -9.19627E+01  2.74089E+00 -1.032E+02 -3.260E+00 -7.205E+00  2.433E+01 -1.429E+01  8.392E+00   919.84    0.00   -0.00  24    0.47
       20 -8.92057E+01 -9.15586E+01  2.35297E+00 -9.600E+01 -2.829E+00 -1.014E+01  2.040E+01 -1.384E+01  8.020E+00   789.66    0.00    0.00  23    0.47
       30 -8.91813E+01 -9.20727E+01  2.89137E+00 -9.990E+01 -3.153E+00 -8.927E+00  2.254E+01 -1.362E+01  7.835E+00   970.34    0.00    0.00  24    0.40
       40 -8.91922E+01 -9.20827E+01  2.89046E+00 -1.066E+02 -3.432E+00 -6.948E+00  2.722E+01 -1.344E+01  7.652E+00   970.03    0.00    0.00  21    0.43
       50 -8.91987E+01 -9.25794E+01  3.38066E+00 -1.044E+02 -3.394E+00 -7.987E+00  2.557E+01 -1.309E+01  7.328E+00  1134.54    0.00    0.00  19    0.35
       60 -8.92088E+01 -9.23686E+01  3.15985E+00 -9.620E+01 -2.955E+00 -1.113E+01  2.067E+01 -1.260E+01  6.898E+00  1060.44    0.00   -0.00  19    0.42
       70 -8.91983E+01 -9.22883E+01  3.08994E+00 -9.658E+01 -2.947E+00 -1.100E+01  2.096E+01 -1.224E+01  6.575E+00  1036.98    0.00   -0.00  21    0.34
       80 -8.91507E+01 -9.20629E+01  2.91225E+00 -1.042E+02 -3.238E+00 -8.071E+00  2.589E+01 -1.194E+01  6.314E+00   977.35    0.00   -0.00  21    0.40
       90 -8.91513E+01 -9.18032E+01  2.65189E+00 -1.049E+02 -3.174E+00 -7.890E+00  2.660E+01 -1.164E+01  6.052E+00   889.97    0.00   -0.00  20    0.39
      100 -8.91500E+01 -9.18847E+01  2.73470E+00 -9.730E+01 -2.851E+00 -1.066E+01  2.164E+01 -1.144E+01  5.875E+00   917.76    0.00    0.00  19    0.32
      110 -9.09740E+01 -9.26227E+01  1.64864E+00 -9.996E+01 -2.995E+00 -1.020E+01  2.312E+01 -1.150E+01  5.917E+00   553.28    0.00   -0.00  18    0.30
      120 -9.09772E+01 -9.26716E+01  1.69440E+00 -1.028E+02 -3.130E+00 -9.183E+00  2.492E+01 -1.169E+01  6.083E+00   568.64    0.00   -0.00  19    0.39
      130 -9.10298E+01 -9.30643E+01  2.03442E+00 -1.011E+02 -3.121E+00 -9.940E+00  2.363E+01 -1.193E+01  6.285E+00   682.75    0.00    0.00  20    0.31
      140 -9.10284E+01 -9.31557E+01  2.12724E+00 -9.809E+01 -2.998E+00 -1.108E+01  2.170E+01 -1.221E+01  6.519E+00   713.90    0.00   -0.00  20    0.39
      150 -9.10367E+01 -9.32526E+01  2.21597E+00 -9.976E+01 -3.124E+00 -1.036E+01  2.258E+01 -1.244E+01  6.730E+00   743.68    0.00    0.00  19    0.32
      160 -9.10366E+01 -9.32568E+01  2.22017E+00 -1.034E+02 -3.294E+00 -8.970E+00  2.482E+01 -1.256E+01  6.847E+00   745.09    0.00   -0.00  18    0.40
      170 -9.10236E+01 -9.32431E+01  2.21944E+00 -1.030E+02 -3.292E+00 -8.911E+00  2.438E+01 -1.261E+01  6.915E+00   744.84    0.00    0.00   9    0.33
      180 -9.10300E+01 -9.31077E+01  2.07772E+00 -9.978E+01 -3.160E+00 -9.830E+00  2.219E+01 -1.267E+01  6.977E+00   697.28    0.00   -0.00  14    0.40
      190 -9.10343E+01 -9.30434E+01  2.00903E+00 -1.001E+02 -3.202E+00 -9.553E+00  2.230E+01 -1.278E+01  7.076E+00   674.23    0.00    0.00  20    0.34
      200 -9.10340E+01 -9.30048E+01  1.97078E+00 -1.039E+02 -3.392E+00 -8.032E+00  2.460E+01 -1.290E+01  7.180E+00   661.39    0.00   -0.00  19    0.42
      210 -9.21168E+01 -9.34403E+01  1.32345E+00 -1.027E+02 -3.351E+00 -8.704E+00  2.371E+01 -1.288E+01  7.164E+00   444.15    0.00   -0.00   6    0.34
      220 -9.20967E+01 -9.34426E+01  1.34595E+00 -1.009E+02 -3.243E+00 -9.367E+00  2.253E+01 -1.290E+01  7.171E+00   451.70    0.00   -0.00   4    0.40
      230 -9.21154E+01 -9.36010E+01  1.48555E+00 -1.018E+02 -3.292E+00 -9.215E+00  2.314E+01 -1.291E+01  7.168E+00   498.55    0.00   -0.00   7    0.40
      240 -9.21210E+01 -9.35176E+01  1.39662E+00 -1.036E+02 -3.368E+00 -8.611E+00  2.443E+01 -1.289E+01  7.138E+00   468.70    0.00   -0.00   8    0.34
      250 -9.20962E+01 -9.37218E+01  1.62562E+00 -1.029E+02 -3.331E+00 -9.111E+00  2.400E+01 -1.279E+01  7.041E+00   545.56    0.00   -0.00  19    0.42
      260 -9.20952E+01 -9.36691E+01  1.57394E+00 -1.005E+02 -3.208E+00 -1.001E+01  2.262E+01 -1.266E+01  6.923E+00   528.21    0.00   -0.00  20    0.34
      270 -9.20906E+01 -9.36351E+01  1.54443E+00 -1.007E+02 -3.204E+00 -9.993E+00  2.279E+01 -1.254E+01  6.813E+00   518.31    0.00   -0.00  19    0.41
      280 -9.20616E+01 -9.34634E+01  1.40178E+00 -1.029E+02 -3.290E+00 -9.054E+00  2.420E+01 -1.244E+01  6.721E+00   470.44    0.00   -0.00  18    0.34
      290 -9.20788E+01 -9.34088E+01  1.32996E+00 -1.030E+02 -3.266E+00 -9.001E+00  2.426E+01 -1.234E+01  6.629E+00   446.33    0.00   -0.00  15    0.41
      300 -9.20662E+01 -9.34489E+01  1.38272E+00 -1.008E+02 -3.140E+00 -9.772E+00  2.282E+01 -1.227E+01  6.571E+00   464.04    0.00    0.00  19    0.34
      310 -9.25705E+01 -9.36953E+01  1.12480E+00 -1.014E+02 -3.170E+00 -9.809E+00  2.323E+01 -1.228E+01  6.578E+00   377.48    0.00   -0.00  18    0.39
      320 -9.25681E+01 -9.38399E+01  1.27179E+00 -1.025E+02 -3.238E+00 -9.517E+00  2.389E+01 -1.240E+01  6.671E+00   426.81    0.00   -0.00  18    0.33
      330 -9.25825E+01 -9.39233E+01  1.34081E+00 -1.020E+02 -3.249E+00 -9.714E+00  2.358E+01 -1.255E+01  6.807E+00   449.98    0.00    0.00  18    0.40
      340 -9.25850E+01 -9.39260E+01  1.34093E+00 -1.010E+02 -3.235E+00 -1.005E+01  2.287E+01 -1.269E+01  6.924E+00   450.02    0.00   -0.00  18    0.33
      350 -9.25833E+01 -9.39002E+01  1.31692E+00 -1.014E+02 -3.270E+00 -9.846E+00  2.309E+01 -1.276E+01  6.995E+00   441.96    0.00   -0.00  15    0.40
      360 -9.25981E+01 -9.39420E+01  1.34391E+00 -1.027E+02 -3.340E+00 -9.326E+00  2.385E+01 -1.278E+01  7.027E+00   451.02    0.00    0.00  17    0.32
      370 -9.25863E+01 -9.38652E+01  1.27893E+00 -1.028E+02 -3.336E+00 -9.177E+00  2.381E+01 -1.279E+01  7.050E+00   429.21    0.00   -0.00   8    0.39
      380 -9.25763E+01 -9.38301E+01  1.25383E+00 -1.017E+02 -3.285E+00 -9.481E+00  2.306E+01 -1.280E+01  7.060E+00   420.78    0.00   -0.00  14    0.32
      390 -9.25988E+01 -9.37723E+01  1.17346E+00 -1.016E+02 -3.279E+00 -9.493E+00  2.302E+01 -1.279E+01  7.060E+00   393.81    0.00    0.00  15    0.40
      400 -9.25853E+01 -9.37705E+01  1.18513E+00 -1.029E+02 -3.345E+00 -8.972E+00  2.379E+01 -1.281E+01  7.078E+00   397.73    0.00   -0.00  16    0.33
      410 -9.28754E+01 -9.39144E+01  1.03894E+00 -1.027E+02 -3.340E+00 -9.122E+00  2.360E+01 -1.283E+01  7.091E+00   348.67    0.00   -0.00  17    0.41
      420 -9.28603E+01 -9.38957E+01  1.03546E+00 -1.021E+02 -3.312E+00 -9.256E+00  2.322E+01 -1.286E+01  7.111E+00   347.50    0.00    0.00   8    0.33
      430 -9.28711E+01 -9.39658E+01  1.09472E+00 -1.023E+02 -3.317E+00 -9.296E+00  2.333E+01 -1.282E+01  7.078E+00   367.39    0.00    0.00  20    0.42
      440 -9.28719E+01 -9.39493E+01  1.07736E+00 -1.028E+02 -3.341E+00 -9.142E+00  2.371E+01 -1.278E+01  7.033E+00   361.56    0.00    0.00  17    0.34
      450 -9.28657E+01 -9.39705E+01  1.10481E+00 -1.026E+02 -3.333E+00 -9.241E+00  2.365E+01 -1.274E+01  6.991E+00   370.77    0.00   -0.00  11    0.41
      460 -9.28689E+01 -9.40002E+01  1.13133E+00 -1.019E+02 -3.288E+00 -9.573E+00  2.321E+01 -1.271E+01  6.963E+00   379.67    0.00    0.00   7    0.35
      470 -9.28592E+01 -9.39618E+01  1.10269E+00 -1.018E+02 -3.277E+00 -9.556E+00  2.319E+01 -1.271E+01  6.960E+00   370.06    0.00   -0.00   5    0.37
      480 -9.28599E+01 -9.39931E+01  1.13316E+00 -1.024E+02 -3.292E+00 -9.405E+00  2.359E+01 -1.268E+01  6.925E+00   380.29    0.00    0.00  18    0.33
      490 -9.28614E+01 -9.39649E+01  1.10346E+00 -1.025E+02 -3.282E+00 -9.431E+00  2.368E+01 -1.264E+01  6.890E+00   370.32    0.00    0.00  17    0.41
      500 -9.28658E+01 -9.39467E+01  1.08088E+00 -1.017E+02 -3.239E+00 -9.722E+00  2.327E+01 -1.264E+01  6.879E+00   362.74    0.00   -0.00   6    0.31
      510 -9.30481E+01 -9.40638E+01  1.01566E+00 -1.019E+02 -3.251E+00 -9.733E+00  2.334E+01 -1.267E+01  6.907E+00   340.85    0.00    0.00  15    0.42
      520 -9.30481E+01 -9.40193E+01  9.71196E-01 -1.023E+02 -3.280E+00 -9.490E+00  2.355E+01 -1.275E+01  6.970E+00   325.93    0.00   -0.00  18    0.33
      530 -9.30500E+01 -9.40596E+01  1.00960E+00 -1.024E+02 -3.301E+00 -9.439E+00  2.354E+01 -1.281E+01  7.022E+00   338.82    0.00   -0.00  18    0.40
      540 -9.30540E+01 -9.40784E+01  1.02436E+00 -1.022E+02 -3.306E+00 -9.477E+00  2.335E+01 -1.283E+01  7.047E+00   343.78    0.00   -0.00   4    0.39
      550 -9.30563E+01 -9.41064E+01  1.05008E+00 -1.022E+02 -3.321E+00 -9.428E+00  2.333E+01 -1.286E+01  7.072E+00   352.41    0.00   -0.00  18    0.33
      560 -9.30524E+01 -9.40838E+01  1.03142E+00 -1.026E+02 -3.338E+00 -9.240E+00  2.354E+01 -1.289E+01  7.102E+00   346.14    0.00    0.00  16    0.36
      570 -9.30522E+01 -9.40864E+01  1.03412E+00 -1.027E+02 -3.344E+00 -9.157E+00  2.360E+01 -1.290E+01  7.117E+00   347.05    0.00    0.00   3    0.36
      580 -9.30574E+01 -9.40924E+01  1.03494E+00 -1.025E+02 -3.330E+00 -9.223E+00  2.342E+01 -1.287E+01  7.092E+00   347.33    0.00   -0.00  18    0.33
      590 -9.30556E+01 -9.40798E+01  1.02416E+00 -1.024E+02 -3.318E+00 -9.213E+00  2.334E+01 -1.282E+01  7.051E+00   343.71    0.00   -0.00  13    0.41
      600 -9.30531E+01 -9.40285E+01  9.75378E-01 -1.028E+02 -3.325E+00 -9.033E+00  2.353E+01 -1.280E+01  7.040E+00   327.34    0.00   -0.00   3    0.32
      610 -9.31349E+01 -9.41056E+01  9.70702E-01 -1.026E+02 -3.326E+00 -9.172E+00  2.346E+01 -1.285E+01  7.076E+00   325.77    0.00    0.00  13    0.41
      620 -9.31344E+01 -9.41302E+01  9.95811E-01 -1.026E+02 -3.341E+00 -9.176E+00  2.347E+01 -1.291E+01  7.130E+00   334.19    0.00   -0.00  18    0.40
      630 -9.31277E+01 -9.41272E+01  9.99438E-01 -1.027E+02 -3.352E+00 -9.143E+00  2.355E+01 -1.296E+01  7.163E+00   335.41    0.00    0.00   4    0.34
      640 -9.31285E+01 -9.41477E+01  1.01917E+00 -1.027E+02 -3.352E+00 -9.195E+00  2.355E+01 -1.294E+01  7.146E+00   342.03    0.00    0.00  20    0.41
      650 -9.31317E+01 -9.41890E+01  1.05737E+00 -1.026E+02 -3.339E+00 -9.292E+00  2.346E+01 -1.291E+01  7.113E+00   354.85    0.00   -0.00  13    0.33
      660 -9.31326E+01 -9.42041E+01  1.07159E+00 -1.025E+02 -3.325E+00 -9.329E+00  2.343E+01 -1.289E+01  7.092E+00   359.62    0.00    0.00  11    0.40
      670 -9.31345E+01 -9.41764E+01  1.04188E+00 -1.026E+02 -3.327E+00 -9.265E+00  2.350E+01 -1.289E+01  7.086E+00   349.65    0.00    0.00   8    0.32
      680 -9.31277E+01 -9.41416E+01  1.01388E+00 -1.026E+02 -3.320E+00 -9.240E+00  2.354E+01 -1.286E+01  7.054E+00   340.26    0.00   -0.00  18    0.40
      690 -9.31184E+01 -9.42139E+01  1.09552E+00 -1.025E+02 -3.306E+00 -9.351E+00  2.346E+01 -1.279E+01  6.995E+00   367.66    0.00   -0.00  18    0.35
      700 -9.31187E+01 -9.41392E+01  1.02044E+00 -1.024E+02 -3.297E+00 -9.324E+00  2.341E+01 -1.275E+01  6.955E+00   342.46    0.00    0.00  18    0.41
      710 -9.32456E+01 -9.42270E+01  9.81366E-01 -1.024E+02 -3.296E+00 -9.424E+00  2.344E+01 -1.274E+01  6.948E+00   329.35    0.00   -0.00   3    0.32
      720 -9.32482E+01 -9.42073E+01  9.59111E-01 -1.026E+02 -3.300E+00 -9.355E+00  2.351E+01 -1.276E+01  6.972E+00   321.88    0.00    0.00  17    0.41
      730 -9.32463E+01 -9.42264E+01  9.80104E-01 -1.026E+02 -3.299E+00 -9.305E+00  2.348E+01 -1.278E+01  6.992E+00   328.92    0.00    0.00   2    0.33
      740 -9.32447E+01 -9.42516E+01  1.00689E+00 -1.026E+02 -3.293E+00 -9.294E+00  2.342E+01 -1.280E+01  7.012E+00   337.91    0.00   -0.00  14    0.40
      750 -9.32398E+01 -9.42860E+01  1.04618E+00 -1.027E+02 -3.300E+00 -9.242E+00  2.344E+01 -1.284E+01  7.046E+00   351.10    0.00   -0.00  19    0.33
      760 -9.32342E+01 -9.42744E+01  1.04021E+00 -1.029E+02 -3.313E+00 -9.146E+00  2.356E+01 -1.288E+01  7.083E+00   349.09    0.00   -0.00  19    0.40
      770 -9.32471E+01 -9.42832E+01  1.03617E+00 -1.029E+02 -3.318E+00 -9.148E+00  2.356E+01 -1.287E+01  7.080E+00   347.74    0.00    0.00  12    0.32
      780 -9.32558E+01 -9.42361E+01  9.80323E-01 -1.027E+02 -3.305E+00 -9.225E+00  2.346E+01 -1.284E+01  7.055E+00   329.00    0.00   -0.00  16    0.41
      790 -9.32340E+01 -9.42404E+01  1.00642E+00 -1.027E+02 -3.311E+00 -9.172E+00  2.343E+01 -1.282E+01  7.043E+00   337.75    0.00   -0.00  14    0.33
      800 -9.32322E+01 -9.42162E+01  9.83938E-01 -1.029E+02 -3.313E+00 -9.052E+00  2.354E+01 -1.279E+01  7.025E+00   330.21    0.00    0.00   8    0.40
      810 -9.33250E+01 -9.43025E+01  9.77528E-01 -1.032E+02 -3.325E+00 -8.998E+00  2.370E+01 -1.280E+01  7.036E+00   328.06    0.00   -0.00  13    0.32
      820 -9.33338E+01 -9.42224E+01  8.88680E-01 -1.030E+02 -3.299E+00 -9.041E+00  2.354E+01 -1.284E+01  7.062E+00   298.24    0.00   -0.00   4    0.40
      830 -9.33267E+01 -9.43116E+01  9.84838E-01 -1.027E+02 -3.286E+00 -9.206E+00  2.332E+01 -1.286E+01  7.081E+00   330.51    0.00   -0.00   9    0.33
      840 -9.33234E+01 -9.43187E+01  9.95379E-01 -1.028E+02 -3.298E+00 -9.175E+00  2.346E+01 -1.285E+01  7.074E+00   334.05    0.00   -0.00  13    0.39
      850 -9.33277E+01 -9.43437E+01  1.01594E+00 -1.031E+02 -3.328E+00 -9.105E+00  2.368E+01 -1.283E+01  7.055E+00   340.95    0.00   -0.00  12    0.33
      860 -9.33251E+01 -9.42676E+01  9.42536E-01 -1.030E+02 -3.325E+00 -9.085E+00  2.360E+01 -1.282E+01  7.048E+00   316.31    0.00    0.00   8    0.39
      870 -9.33234E+01 -9.43500E+01  1.02658E+00 -1.026E+02 -3.307E+00 -9.272E+00  2.333E+01 -1.281E+01  7.030E+00   344.52    0.00   -0.00  14    0.33
      880 -9.33300E+01 -9.43712E+01  1.04119E+00 -1.027E+02 -3.292E+00 -9.317E+00  2.338E+01 -1.279E+01  7.008E+00   349.42    0.00   -0.00   5    0.40
      890 -9.33354E+01 -9.43839E+01  1.04853E+00 -1.031E+02 -3.280E+00 -9.166E+00  2.368E+01 -1.280E+01  7.016E+00   351.88    0.00    0.00  18    0.32
      900 -9.33325E+01 -9.43043E+01  9.71712E-01 -1.032E+02 -3.244E+00 -9.055E+00  2.378E+01 -1.285E+01  7.048E+00   326.11    0.00    0.00  14    0.41
      910 -9.34169E+01 -9.43984E+01  9.81500E-01 -1.030E+02 -3.258E+00 -9.206E+00  2.363E+01 -1.281E+01  7.020E+00   329.39    0.00   -0.00  10    0.34
      920 -9.34063E+01 -9.44067E+01  1.00040E+00 -1.027E+02 -3.266E+00 -9.275E+00  2.340E+01 -1.284E+01  7.042E+00   335.73    0.00    0.00  17    0.40
      930 -9.34066E+01 -9.44313E+01  1.02473E+00 -1.029E+02 -3.267E+00 -9.229E+00  2.348E+01 -1.290E+01  7.093E+00   343.90    0.00   -0.00  14    0.33
      940 -9.34104E+01 -9.43845E+01  9.74105E-01 -1.032E+02 -3.275E+00 -9.064E+00  2.371E+01 -1.294E+01  7.122E+00   326.91    0.00   -0.00   8    0.40
      950 -9.34094E+01 -9.44351E+01  1.02568E+00 -1.032E+02 -3.280E+00 -9.131E+00  2.366E+01 -1.292E+01  7.110E+00   344.22    0.00   -0.00  15    0.33
      960 -9.34085E+01 -9.44543E+01  1.04581E+00 -1.028E+02 -3.267E+00 -9.238E+00  2.344E+01 -1.291E+01  7.099E+00   350.97    0.00   -0.00   3    0.39
      970 -9.34130E+01 -9.44626E+01  1.04961E+00 -1.030E+02 -3.256E+00 -9.151E+00  2.348E+01 -1.292E+01  7.104E+00   352.25    0.00    0.00  11    0.32
      980 -9.34066E+01 -9.44422E+01  1.03564E+00 -1.035E+02 -3.240E+00 -8.894E+00  2.378E+01 -1.294E+01  7.120E+00   347.56    0.00    0.00  16    0.40
      990 -9.34083E+01 -9.44853E+01  1.07699E+00 -1.037E+02 -3.223E+00 -8.821E+00  2.388E+01 -1.295E+01  7.124E+00   361.44    0.00   -0.00   3    0.32
Max MAXNEIGHBS, Max MAXNEIGHBS10, Max NBUFFER_P, Max NBUFFER_N:           18         246         653        1910
               QEq:       9.9902         9.9902
          QEq_COPY:       0.8591         0.8591
        LINKEDLIST:       0.0135         0.0135
         COPYATOMS:       0.0821         0.0821
      NEIGHBORLIST:       3.6017         3.6017
            BOCALC:       9.3439         9.3439
            ENbond:       4.5046         4.5046
             Ebond:       0.1451         0.1451
             Elnpr:       0.5801         0.5801
               Ehb:       0.0175         0.0175
               E3b:       6.8125         6.8125
               E4b:       1.2118         1.2118
  ForceBondedTerms:       0.0820         0.0820
     COPYATOMS(-1):       0.1032         0.1032
       total (sec):      36.9363        36.9363
    program finished
