Copyright (C) 2009-2017 Intel Corporation. All rights reserved.
Intel(R) VTune(TM) Amplifier XE 2017 (build 499904)
Copyright (C) 2009-2017 Intel Corporation. All rights reserved.
Intel(R) VTune(TM) Amplifier XE 2017 (build 499904)
              rxmd has started
  ERROR: requested/allocated # of procs are not consistent:   4  4  4    4
Application 3275819 resources: utime ~20s, stime ~8s, Rss ~46896, inblocks ~0, outblocks ~0
Copyright (C) 2009-2017 Intel Corporation. All rights reserved.
Intel(R) VTune(TM) Amplifier XE 2017 (build 499904)
              rxmd has started
----------------------------------------------------------------
         req/alloc # of procs:        4  /        4
         req proc arrengement:        2        2        1
                parameter set:Reactive MD-force field: nitramines (RDX/HMX/TATB/PETN)               
                time step[fs]:    2.50E-01
 MDMODE CURRENTSTEP NTIMESTPE:  1         0       500
  isQEq,QEq_tol,NMAXQEq,qstep:     1   1.0E-07   500  1000
                Lex_fqs,Lex_k:   1.000   2.000
            treq,vsfact,sstep:     300.000   1.000      100
                  fstep,pstep:   100    10
               NATOMS GNATOMS:                    2688                   10752
                         LBOX:       0.500       0.500       1.000
                  Hmatrix [A]:         52.720          0.000          0.000
                  Hmatrix [A]:          0.000         46.280          0.000
                  Hmatrix [A]:          0.000          0.000         42.840
               lata,latb,latc:      52.720      46.280      42.840
          lalpha,lbeta,lgamma:      90.000      90.000      90.000
               density [g/cc]:    1.8061
         # of linkedlist cell:     8     7    13
            maxrc, lcsize [A]:     3.160        3.29      3.31      3.30
    # of linkedlist cell (NB):     8     7    14
              lcsize [A] (NB):      3.29      3.31      3.06
     MAXNEIGHBS, MAXNEIGHBS10:    30   700
            NMINCELL, NBUFFER:     3    30000
    FFPath, DataDir, ParmPath:      ffield          DAT      rxmd.in
          # of atoms per type:        1536 - 1        3072 - 2        3072 - 3        3072 - 4 
----------------------------------------------------------------
nstep  TE  PE  KE: 1-Ebond 2-(Elnpr,Eover,Eunder) 3-(Eval,Epen,Ecoa) 4-(Etors,Econj) 5-Ehbond 6-(Evdw,EClmb,Echarge)
        0 -9.82464E+01 -9.82464E+01  0.00000E+00 -1.369E+02  1.287E+00 -1.362E+00  5.208E-01 -1.398E-03  3.821E+01     0.00    0.00   -0.00  53    0.36********
       10 -9.82465E+01 -9.82467E+01  2.31406E-04 -1.369E+02  1.290E+00 -1.364E+00  5.214E-01 -1.397E-03  3.821E+01     0.08    0.00   -0.00   1    0.36    1.44
       20 -9.82466E+01 -9.82471E+01  4.78952E-04 -1.369E+02  1.287E+00 -1.366E+00  5.202E-01 -1.408E-03  3.821E+01     0.16    0.00   -0.00   1    0.36    1.36
       30 -9.82466E+01 -9.82473E+01  7.75703E-04 -1.369E+02  1.283E+00 -1.365E+00  5.186E-01 -1.412E-03  3.821E+01     0.26    0.00   -0.00   1    0.36    1.32
       40 -9.82467E+01 -9.82480E+01  1.29358E-03 -1.369E+02  1.295E+00 -1.365E+00  5.202E-01 -1.414E-03  3.821E+01     0.43    0.00   -0.00   1    0.36    1.31
       50 -9.82467E+01 -9.82485E+01  1.78704E-03 -1.369E+02  1.298E+00 -1.365E+00  5.201E-01 -1.408E-03  3.822E+01     0.60    0.00   -0.00   1    0.36    1.32
       60 -9.82465E+01 -9.82488E+01  2.34499E-03 -1.369E+02  1.291E+00 -1.366E+00  5.179E-01 -1.281E-03  3.823E+01     0.79    0.00   -0.00   1    0.36    1.32
       70 -9.82466E+01 -9.82497E+01  3.12074E-03 -1.369E+02  1.292E+00 -1.369E+00  5.177E-01 -1.281E-03  3.822E+01     1.05    0.00   -0.00   1    0.36    1.31
       80 -9.82467E+01 -9.82506E+01  3.92964E-03 -1.369E+02  1.293E+00 -1.368E+00  5.164E-01 -1.280E-03  3.821E+01     1.32    0.00   -0.00   1    0.36    1.32
       90 -9.82467E+01 -9.82515E+01  4.80665E-03 -1.369E+02  1.293E+00 -1.365E+00  5.148E-01 -1.288E-03  3.822E+01     1.61    0.00   -0.00   1    0.36    1.36
      100 -9.82469E+01 -9.82528E+01  5.88856E-03 -1.369E+02  1.299E+00 -1.366E+00  5.160E-01 -1.408E-03  3.823E+01     1.98    0.00   -0.00   1    0.36    1.34
      110 -9.82468E+01 -9.82538E+01  7.01032E-03 -1.369E+02  1.292E+00 -1.366E+00  5.155E-01 -1.424E-03  3.822E+01     2.35    0.00   -0.00   1    0.36    1.34
      120 -9.82466E+01 -9.82546E+01  8.05552E-03 -1.369E+02  1.283E+00 -1.366E+00  5.135E-01 -1.436E-03  3.820E+01     2.70    0.00   -0.00   1    0.36    1.35
      130 -9.82466E+01 -9.82560E+01  9.32981E-03 -1.369E+02  1.291E+00 -1.366E+00  5.136E-01 -1.457E-03  3.820E+01     3.13    0.00   -0.00   1    0.36    1.35
      140 -9.82465E+01 -9.82572E+01  1.06216E-02 -1.369E+02  1.296E+00 -1.366E+00  5.133E-01 -1.471E-03  3.822E+01     3.56    0.00   -0.00   1    0.36    1.36
      150 -9.82464E+01 -9.82583E+01  1.19225E-02 -1.369E+02  1.290E+00 -1.366E+00  5.126E-01 -1.472E-03  3.822E+01     4.00    0.00   -0.00   1    0.36    1.33
      160 -9.82463E+01 -9.82598E+01  1.34699E-02 -1.369E+02  1.289E+00 -1.370E+00  5.139E-01 -1.486E-03  3.821E+01     4.52    0.00   -0.00   1    0.36    1.32
      170 -9.82463E+01 -9.82614E+01  1.50287E-02 -1.369E+02  1.287E+00 -1.373E+00  5.130E-01 -1.485E-03  3.820E+01     5.04    0.00   -0.00   1    0.36    1.33
      180 -9.82462E+01 -9.82628E+01  1.65512E-02 -1.369E+02  1.288E+00 -1.374E+00  5.107E-01 -1.468E-03  3.822E+01     5.55    0.00   -0.00   1    0.36    1.31
      190 -9.82465E+01 -9.82647E+01  1.82246E-02 -1.369E+02  1.299E+00 -1.377E+00  5.113E-01 -1.464E-03  3.823E+01     6.12    0.00   -0.00   1    0.36    1.32
      200 -9.82465E+01 -9.82664E+01  1.99116E-02 -1.369E+02  1.297E+00 -1.379E+00  5.115E-01 -1.451E-03  3.822E+01     6.68    0.00   -0.00   1    0.36    1.32
      210 -9.82464E+01 -9.82680E+01  2.15201E-02 -1.369E+02  1.287E+00 -1.381E+00  5.104E-01 -1.437E-03  3.821E+01     7.22    0.00   -0.00   1    0.36    1.33
      220 -9.82463E+01 -9.82697E+01  2.33227E-02 -1.369E+02  1.292E+00 -1.384E+00  5.106E-01 -1.314E-03  3.822E+01     7.83    0.00   -0.00   1    0.36    1.30
      230 -9.82463E+01 -9.82715E+01  2.51394E-02 -1.369E+02  1.295E+00 -1.384E+00  5.088E-01 -1.306E-03  3.823E+01     8.44    0.00   -0.00   1    0.36    1.29
      240 -9.82461E+01 -9.82730E+01  2.68939E-02 -1.369E+02  1.292E+00 -1.383E+00  5.068E-01 -1.301E-03  3.822E+01     9.03    0.00   -0.00   1    0.36    1.31
      250 -9.82464E+01 -9.82752E+01  2.87787E-02 -1.369E+02  1.294E+00 -1.385E+00  5.075E-01 -1.291E-03  3.821E+01     9.66    0.00   -0.00   1    0.36    1.32
      260 -9.82464E+01 -9.82770E+01  3.06317E-02 -1.369E+02  1.286E+00 -1.386E+00  5.063E-01 -1.153E-03  3.821E+01    10.28    0.00   -0.00   1    0.36    1.33
      270 -9.82463E+01 -9.82787E+01  3.23760E-02 -1.369E+02  1.280E+00 -1.386E+00  5.043E-01 -1.131E-03  3.821E+01    10.87    0.00   -0.00   1    0.36    1.31
      280 -9.82463E+01 -9.82806E+01  3.42670E-02 -1.369E+02  1.289E+00 -1.386E+00  5.042E-01 -1.095E-03  3.821E+01    11.50    0.00   -0.00   1    0.36    1.31
      290 -9.82462E+01 -9.82823E+01  3.61163E-02 -1.369E+02  1.290E+00 -1.385E+00  5.025E-01 -1.071E-03  3.820E+01    12.12    0.00   -0.00   1    0.36    1.30
      300 -9.82462E+01 -9.82841E+01  3.79437E-02 -1.369E+02  1.284E+00 -1.386E+00  5.005E-01 -1.046E-03  3.821E+01    12.73    0.00   -0.00   1    0.36    1.31
      310 -9.82463E+01 -9.82861E+01  3.98160E-02 -1.369E+02  1.286E+00 -1.389E+00  5.010E-01 -1.025E-03  3.821E+01    13.36    0.00   -0.00   1    0.36    1.28
      320 -9.82463E+01 -9.82880E+01  4.16917E-02 -1.369E+02  1.285E+00 -1.389E+00  4.996E-01 -1.010E-03  3.821E+01    13.99    0.00   -0.00   1    0.36    1.29
      330 -9.82464E+01 -9.82898E+01  4.33988E-02 -1.369E+02  1.286E+00 -1.389E+00  4.972E-01 -9.968E-04  3.821E+01    14.56    0.00   -0.00   1    0.36    1.29
      340 -9.82466E+01 -9.82918E+01  4.51710E-02 -1.369E+02  1.295E+00 -1.391E+00  4.965E-01 -9.834E-04  3.822E+01    15.16    0.00   -0.00   1    0.36    1.27
      350 -9.82466E+01 -9.82935E+01  4.68908E-02 -1.369E+02  1.290E+00 -1.393E+00  4.944E-01 -9.699E-04  3.822E+01    15.74    0.00   -0.00   1    0.36    1.31
      360 -9.82467E+01 -9.82952E+01  4.85010E-02 -1.369E+02  1.283E+00 -1.394E+00  4.925E-01 -9.710E-04  3.821E+01    16.28    0.00   -0.00   1    0.36    1.28
      370 -9.82465E+01 -9.82967E+01  5.02095E-02 -1.369E+02  1.288E+00 -1.395E+00  4.933E-01 -8.584E-04  3.821E+01    16.85    0.00   -0.00   1    0.36    1.29
      380 -9.82466E+01 -9.82985E+01  5.18946E-02 -1.369E+02  1.290E+00 -1.395E+00  4.916E-01 -8.443E-04  3.821E+01    17.42    0.00   -0.00   1    0.36    1.29
      390 -9.82462E+01 -9.82996E+01  5.34439E-02 -1.369E+02  1.288E+00 -1.395E+00  4.894E-01 -8.308E-04  3.822E+01    17.94    0.00   -0.00   1    0.36    1.27
      400 -9.82460E+01 -9.83010E+01  5.49889E-02 -1.369E+02  1.288E+00 -1.397E+00  4.895E-01 -7.095E-04  3.821E+01    18.45    0.00   -0.00   1    0.36    1.30
      410 -9.82459E+01 -9.83023E+01  5.64289E-02 -1.369E+02  1.282E+00 -1.398E+00  4.887E-01 -6.927E-04  3.820E+01    18.94    0.00   -0.00   1    0.36    1.26
      420 -9.82457E+01 -9.83036E+01  5.78504E-02 -1.369E+02  1.281E+00 -1.398E+00  4.877E-01 -6.889E-04  3.820E+01    19.41    0.00   -0.00   1    0.36    1.27
      430 -9.82458E+01 -9.83051E+01  5.92684E-02 -1.369E+02  1.289E+00 -1.400E+00  4.883E-01 -6.873E-04  3.822E+01    19.89    0.00   -0.00   1    0.36    1.26
      440 -9.82457E+01 -9.83063E+01  6.06236E-02 -1.369E+02  1.286E+00 -1.402E+00  4.872E-01 -6.892E-04  3.822E+01    20.35    0.00   -0.00   1    0.36    1.28
      450 -9.82456E+01 -9.83075E+01  6.19308E-02 -1.369E+02  1.279E+00 -1.405E+00  4.857E-01 -6.920E-04  3.820E+01    20.78    0.00   -0.00   1    0.36    1.26
      460 -9.82457E+01 -9.83090E+01  6.32222E-02 -1.369E+02  1.284E+00 -1.409E+00  4.863E-01 -6.921E-04  3.820E+01    21.22    0.00   -0.00   1    0.36    1.30
      470 -9.82459E+01 -9.83104E+01  6.44692E-02 -1.369E+02  1.286E+00 -1.410E+00  4.854E-01 -6.893E-04  3.822E+01    21.64    0.00   -0.00   1    0.36    1.29
      480 -9.82459E+01 -9.83115E+01  6.56303E-02 -1.369E+02  1.287E+00 -1.412E+00  4.848E-01 -6.873E-04  3.823E+01    22.03    0.00   -0.00   1    0.36    1.27
      490 -9.82460E+01 -9.83127E+01  6.67361E-02 -1.369E+02  1.290E+00 -1.415E+00  4.856E-01 -6.866E-04  3.822E+01    22.40    0.00   -0.00   1    0.36    1.27
----------------------------------------------
        MAXNEIGHBS:           12
      MAXNEIGHBS10:          447
  MAXNBUFFER(MOVE):         2708
  MAXNBUFFER(COPY):        12792
    QEq Iterations:           54
       Memory (MB):       357.51
 
               QEq:       0.6650         0.6622
    qeq_initialize:       0.1358         0.0933
           get_hsh:       0.2505         0.2482
      get_gradient:       0.1376         0.1348
 
        LINKEDLIST:       1.0422         1.0111
         COPYATOMS:       6.4525         2.6115
      NEIGHBORLIST:       2.0615         2.0299
     GetNBPairList:       9.8943         9.5216
 
            BOCALC:       2.1083         1.9352
            ENbond:      14.8446        11.4332
             Ebond:       0.2939         0.2735
             Elnpr:       2.0889         1.9432
               Ehb:       6.2331         6.2018
               E3b:       9.4489         9.1242
               E4b:      14.0679        13.1824
  ForceBondedTerms:       1.1812         1.0886
 
          WriteBND:       0.0000         0.0000
          WritePDB:       0.0000         0.0000
           ReadBIN:       0.0199         0.0184
          WriteBIN:       0.0000         0.0000
 
       total (sec):      65.4184        65.4183
----------------------------------------------
    rxmd successfully finished
Application 3275822 exit codes: 2
Application 3275822 resources: utime ~4221s, stime ~42s, Rss ~54304, inblocks ~0, outblocks ~0
