Copyright (C) 2009-2017 Intel Corporation. All rights reserved.
Intel(R) VTune(TM) Amplifier XE 2017 (build 499904)
              rxmd has started
----------------------------------------------------------------
         req/alloc # of procs:       64  /       64
         req proc arrengement:        4        4        4
                parameter set:Reactive MD-force field: nitramines (RDX/HMX/TATB/PETN)               
                time step[fs]:    2.50E-01
 MDMODE CURRENTSTEP NTIMESTPE:  1         0       500
  isQEq,QEq_tol,NMAXQEq,qstep:     1   1.0E-07   500  1000
                Lex_fqs,Lex_k:   1.000   2.000
            treq,vsfact,sstep:     300.000   1.000      100
                  fstep,pstep:   100    10
               NATOMS GNATOMS:                     168                   10752
                         LBOX:       0.250       0.250       0.250
                  Hmatrix [A]:         52.720          0.000          0.000
                  Hmatrix [A]:          0.000         46.280          0.000
                  Hmatrix [A]:          0.000          0.000         42.840
               lata,latb,latc:      52.720      46.280      42.840
          lalpha,lbeta,lgamma:      90.000      90.000      90.000
               density [g/cc]:    1.8061
         # of linkedlist cell:     4     3     3
            maxrc, lcsize [A]:     3.160        3.29      3.86      3.57
    # of linkedlist cell (NB):     4     3     3
              lcsize [A] (NB):      3.29      3.86      3.57
     MAXNEIGHBS, MAXNEIGHBS10:    30   700
            NMINCELL, NBUFFER:     3    30000
    FFPath, DataDir, ParmPath:      ffield          DAT      rxmd.in
          # of atoms per type:        1536 - 1        3072 - 2        3072 - 3        3072 - 4 
----------------------------------------------------------------
nstep  TE  PE  KE: 1-Ebond 2-(Elnpr,Eover,Eunder) 3-(Eval,Epen,Ecoa) 4-(Etors,Econj) 5-Ehbond 6-(Evdw,EClmb,Echarge)
        0 -9.82464E+01 -9.82464E+01  0.00000E+00 -1.369E+02  1.287E+00 -1.362E+00  5.208E-01 -1.398E-03  3.821E+01     0.00    0.00   -0.00  44    0.36********
       10 -9.82465E+01 -9.82467E+01  2.31406E-04 -1.369E+02  1.290E+00 -1.364E+00  5.214E-01 -1.397E-03  3.821E+01     0.08    0.00   -0.00   1    0.36    1.86
       20 -9.82466E+01 -9.82471E+01  4.78949E-04 -1.369E+02  1.287E+00 -1.366E+00  5.202E-01 -1.408E-03  3.821E+01     0.16    0.00   -0.00   1    0.36    1.75
       30 -9.82466E+01 -9.82473E+01  7.75695E-04 -1.369E+02  1.283E+00 -1.365E+00  5.186E-01 -1.412E-03  3.821E+01     0.26    0.00   -0.00   1    0.36    1.71
       40 -9.82467E+01 -9.82480E+01  1.29356E-03 -1.369E+02  1.295E+00 -1.365E+00  5.202E-01 -1.414E-03  3.821E+01     0.43    0.00   -0.00   1    0.36    1.73
       50 -9.82467E+01 -9.82485E+01  1.78702E-03 -1.369E+02  1.298E+00 -1.365E+00  5.201E-01 -1.408E-03  3.822E+01     0.60    0.00   -0.00   1    0.36    1.86
       60 -9.82465E+01 -9.82488E+01  2.34497E-03 -1.369E+02  1.291E+00 -1.366E+00  5.179E-01 -1.281E-03  3.823E+01     0.79    0.00   -0.00   1    0.36    1.75
       70 -9.82466E+01 -9.82497E+01  3.12072E-03 -1.369E+02  1.292E+00 -1.369E+00  5.177E-01 -1.281E-03  3.822E+01     1.05    0.00   -0.00   1    0.36    1.70
       80 -9.82467E+01 -9.82506E+01  3.92962E-03 -1.369E+02  1.293E+00 -1.368E+00  5.164E-01 -1.280E-03  3.821E+01     1.32    0.00   -0.00   1    0.36    1.80
       90 -9.82467E+01 -9.82515E+01  4.80663E-03 -1.369E+02  1.293E+00 -1.365E+00  5.148E-01 -1.288E-03  3.822E+01     1.61    0.00   -0.00   1    0.36    1.76
      100 -9.82469E+01 -9.82528E+01  5.88855E-03 -1.369E+02  1.299E+00 -1.366E+00  5.160E-01 -1.408E-03  3.823E+01     1.98    0.00   -0.00   1    0.36    1.75
      110 -9.82468E+01 -9.82538E+01  7.01031E-03 -1.369E+02  1.292E+00 -1.366E+00  5.155E-01 -1.424E-03  3.822E+01     2.35    0.00   -0.00   1    0.36    1.71
      120 -9.82466E+01 -9.82546E+01  8.05550E-03 -1.369E+02  1.283E+00 -1.366E+00  5.135E-01 -1.436E-03  3.820E+01     2.70    0.00   -0.00   1    0.36    1.81
      130 -9.82466E+01 -9.82560E+01  9.32978E-03 -1.369E+02  1.291E+00 -1.366E+00  5.136E-01 -1.457E-03  3.820E+01     3.13    0.00   -0.00   1    0.36    1.74
      140 -9.82465E+01 -9.82572E+01  1.06216E-02 -1.369E+02  1.296E+00 -1.366E+00  5.133E-01 -1.471E-03  3.822E+01     3.56    0.00   -0.00   1    0.36    1.78
      150 -9.82464E+01 -9.82583E+01  1.19225E-02 -1.369E+02  1.290E+00 -1.366E+00  5.126E-01 -1.472E-03  3.822E+01     4.00    0.00   -0.00   1    0.36    1.80
      160 -9.82463E+01 -9.82598E+01  1.34698E-02 -1.369E+02  1.289E+00 -1.370E+00  5.139E-01 -1.486E-03  3.821E+01     4.52    0.00   -0.00   1    0.36    1.74
      170 -9.82463E+01 -9.82614E+01  1.50287E-02 -1.369E+02  1.287E+00 -1.373E+00  5.130E-01 -1.485E-03  3.820E+01     5.04    0.00   -0.00   1    0.36    1.84
      180 -9.82462E+01 -9.82628E+01  1.65511E-02 -1.369E+02  1.288E+00 -1.374E+00  5.107E-01 -1.468E-03  3.822E+01     5.55    0.00   -0.00   1    0.36    1.84
      190 -9.82465E+01 -9.82647E+01  1.82246E-02 -1.369E+02  1.299E+00 -1.377E+00  5.113E-01 -1.464E-03  3.823E+01     6.12    0.00   -0.00   1    0.36    1.69
      200 -9.82465E+01 -9.82664E+01  1.99116E-02 -1.369E+02  1.297E+00 -1.379E+00  5.115E-01 -1.451E-03  3.822E+01     6.68    0.00   -0.00   1    0.36    1.79
      210 -9.82464E+01 -9.82680E+01  2.15200E-02 -1.369E+02  1.287E+00 -1.381E+00  5.104E-01 -1.437E-03  3.821E+01     7.22    0.00   -0.00   1    0.36    1.76
      220 -9.82463E+01 -9.82697E+01  2.33226E-02 -1.369E+02  1.292E+00 -1.384E+00  5.106E-01 -1.314E-03  3.822E+01     7.83    0.00   -0.00   1    0.36    1.81
      230 -9.82463E+01 -9.82715E+01  2.51393E-02 -1.369E+02  1.295E+00 -1.384E+00  5.088E-01 -1.306E-03  3.823E+01     8.44    0.00   -0.00   1    0.36    1.73
      240 -9.82461E+01 -9.82730E+01  2.68938E-02 -1.369E+02  1.292E+00 -1.383E+00  5.068E-01 -1.301E-03  3.822E+01     9.03    0.00   -0.00   1    0.36    1.81
      250 -9.82464E+01 -9.82752E+01  2.87786E-02 -1.369E+02  1.294E+00 -1.385E+00  5.075E-01 -1.291E-03  3.821E+01     9.66    0.00   -0.00   1    0.36    1.81
      260 -9.82464E+01 -9.82770E+01  3.06316E-02 -1.369E+02  1.286E+00 -1.386E+00  5.063E-01 -1.153E-03  3.821E+01    10.28    0.00   -0.00   1    0.36    1.81
      270 -9.82463E+01 -9.82787E+01  3.23759E-02 -1.369E+02  1.280E+00 -1.386E+00  5.043E-01 -1.131E-03  3.821E+01    10.87    0.00   -0.00   1    0.36    1.74
      280 -9.82463E+01 -9.82806E+01  3.42669E-02 -1.369E+02  1.289E+00 -1.386E+00  5.042E-01 -1.095E-03  3.821E+01    11.50    0.00   -0.00   1    0.36    1.81
      290 -9.82462E+01 -9.82823E+01  3.61162E-02 -1.369E+02  1.290E+00 -1.385E+00  5.025E-01 -1.071E-03  3.820E+01    12.12    0.00   -0.00   1    0.36    1.80
      300 -9.82462E+01 -9.82841E+01  3.79436E-02 -1.369E+02  1.284E+00 -1.386E+00  5.005E-01 -1.046E-03  3.821E+01    12.73    0.00   -0.00   1    0.36    1.74
      310 -9.82463E+01 -9.82861E+01  3.98159E-02 -1.369E+02  1.286E+00 -1.389E+00  5.010E-01 -1.025E-03  3.821E+01    13.36    0.00   -0.00   1    0.36    1.79
      320 -9.82463E+01 -9.82880E+01  4.16916E-02 -1.369E+02  1.285E+00 -1.389E+00  4.996E-01 -1.010E-03  3.821E+01    13.99    0.00   -0.00   1    0.36    1.80
      330 -9.82464E+01 -9.82898E+01  4.33987E-02 -1.369E+02  1.286E+00 -1.389E+00  4.972E-01 -9.968E-04  3.821E+01    14.56    0.00   -0.00   1    0.36    1.82
      340 -9.82466E+01 -9.82918E+01  4.51709E-02 -1.369E+02  1.295E+00 -1.391E+00  4.965E-01 -9.834E-04  3.822E+01    15.16    0.00   -0.00   1    0.36    1.70
      350 -9.82466E+01 -9.82935E+01  4.68907E-02 -1.369E+02  1.290E+00 -1.393E+00  4.944E-01 -9.699E-04  3.822E+01    15.74    0.00   -0.00   1    0.36    1.80
      360 -9.82467E+01 -9.82952E+01  4.85009E-02 -1.369E+02  1.283E+00 -1.394E+00  4.925E-01 -9.710E-04  3.821E+01    16.28    0.00   -0.00   1    0.36    1.81
      370 -9.82465E+01 -9.82967E+01  5.02094E-02 -1.369E+02  1.288E+00 -1.395E+00  4.933E-01 -8.584E-04  3.821E+01    16.85    0.00   -0.00   1    0.36    1.81
      380 -9.82466E+01 -9.82985E+01  5.18946E-02 -1.369E+02  1.290E+00 -1.395E+00  4.916E-01 -8.443E-04  3.821E+01    17.42    0.00   -0.00   1    0.36    1.71
      390 -9.82462E+01 -9.82996E+01  5.34438E-02 -1.369E+02  1.288E+00 -1.395E+00  4.894E-01 -8.308E-04  3.822E+01    17.94    0.00   -0.00   1    0.36    1.78
      400 -9.82460E+01 -9.83010E+01  5.49889E-02 -1.369E+02  1.288E+00 -1.397E+00  4.895E-01 -7.095E-04  3.821E+01    18.45    0.00   -0.00   1    0.36    1.82
      410 -9.82459E+01 -9.83023E+01  5.64288E-02 -1.369E+02  1.282E+00 -1.398E+00  4.887E-01 -6.926E-04  3.820E+01    18.94    0.00   -0.00   1    0.36    1.70
      420 -9.82457E+01 -9.83036E+01  5.78503E-02 -1.369E+02  1.281E+00 -1.398E+00  4.877E-01 -6.889E-04  3.820E+01    19.41    0.00   -0.00   1    0.36    1.64
      430 -9.82458E+01 -9.83051E+01  5.92683E-02 -1.369E+02  1.289E+00 -1.400E+00  4.883E-01 -6.873E-04  3.822E+01    19.89    0.00   -0.00   1    0.36    1.72
      440 -9.82457E+01 -9.83063E+01  6.06236E-02 -1.369E+02  1.286E+00 -1.402E+00  4.872E-01 -6.892E-04  3.822E+01    20.35    0.00   -0.00   1    0.36    1.73
      450 -9.82456E+01 -9.83075E+01  6.19308E-02 -1.369E+02  1.279E+00 -1.405E+00  4.857E-01 -6.920E-04  3.820E+01    20.78    0.00   -0.00   1    0.36    1.77
      460 -9.82457E+01 -9.83090E+01  6.32222E-02 -1.369E+02  1.284E+00 -1.409E+00  4.863E-01 -6.920E-04  3.820E+01    21.22    0.00   -0.00   1    0.36    1.70
      470 -9.82459E+01 -9.83104E+01  6.44692E-02 -1.369E+02  1.286E+00 -1.410E+00  4.854E-01 -6.893E-04  3.822E+01    21.64    0.00   -0.00   1    0.36    1.81
      480 -9.82459E+01 -9.83115E+01  6.56304E-02 -1.369E+02  1.287E+00 -1.412E+00  4.848E-01 -6.873E-04  3.823E+01    22.03    0.00   -0.00   1    0.36    1.81
      490 -9.82460E+01 -9.83127E+01  6.67361E-02 -1.369E+02  1.290E+00 -1.415E+00  4.856E-01 -6.865E-04  3.822E+01    22.40    0.00   -0.00   1    0.36    1.74
----------------------------------------------
        MAXNEIGHBS:           12
      MAXNEIGHBS10:          447
  MAXNBUFFER(MOVE):          171
  MAXNBUFFER(COPY):         3780
    QEq Iterations:           45
       Memory (MB):       357.36
 
               QEq:       0.6458         0.6432
    qeq_initialize:       0.1225         0.0838
           get_hsh:       0.2465         0.1899
      get_gradient:       0.1743         0.1486
 
        LINKEDLIST:       0.7024         0.5917
         COPYATOMS:      32.7167         8.1365
      NEIGHBORLIST:      12.2630         9.6631
     GetNBPairList:       5.7632         4.1017
 
            BOCALC:       8.3618         6.4676
            ENbond:      17.5575         8.7686
             Ebond:       0.2810         0.2226
             Elnpr:       2.4264         1.8068
               Ehb:       5.4784         3.9704
               E3b:      10.6530         7.6155
               E4b:      16.4168        11.6140
  ForceBondedTerms:       0.4420         0.3044
 
          WriteBND:       0.0000         0.0000
          WritePDB:       0.0000         0.0000
           ReadBIN:       0.4476         0.1520
          WriteBIN:       0.0000         0.0000
 
       total (sec):      88.4742        88.4676
----------------------------------------------
    rxmd successfully finished
Application 3275814 resources: utime ~5893s, stime ~449s, Rss ~55376, inblocks ~0, outblocks ~0
