Copyright (C) 2009-2017 Intel Corporation. All rights reserved.
Intel(R) VTune(TM) Amplifier XE 2017 (build 499904)
              rxmd has started
----------------------------------------------------------------
         req/alloc # of procs:        4  /        4
         req proc arrengement:        2        2        1
                parameter set:Reactive MD-force field: nitramines (RDX/HMX/TATB/PETN)               
                time step[fs]:    2.50E-01
 MDMODE CURRENTSTEP NTIMESTPE:  1         0      1000
  isQEq,QEq_tol,NMAXQEq,qstep:     1   1.0E-07   500  1000
                Lex_fqs,Lex_k:   1.000   2.000
            treq,vsfact,sstep:     300.000   1.000      100
                  fstep,pstep: 10000    10
               NATOMS GNATOMS:                    2688                   10752
                         LBOX:       0.500       0.500       1.000
                  Hmatrix [A]:         52.720          0.000          0.000
                  Hmatrix [A]:          0.000         46.280          0.000
                  Hmatrix [A]:          0.000          0.000         42.840
               lata,latb,latc:      52.720      46.280      42.840
          lalpha,lbeta,lgamma:      90.000      90.000      90.000
               density [g/cc]:    1.8061
         # of linkedlist cell:     8     7    13
            maxrc, lcsize [A]:     3.160        3.29      3.31      3.30
    # of linkedlist cell (NB):     8     7    14
              lcsize [A] (NB):      3.29      3.31      3.06
     MAXNEIGHBS, MAXNEIGHBS10:    30   700
            NMINCELL, NBUFFER:     3    30000
    FFPath, DataDir, ParmPath:      ffield          DAT      rxmd.in
          # of atoms per type:        1536 - 1        3072 - 2        3072 - 3        3072 - 4 
----------------------------------------------------------------
nstep  TE  PE  KE: 1-Ebond 2-(Elnpr,Eover,Eunder) 3-(Eval,Epen,Ecoa) 4-(Etors,Econj) 5-Ehbond 6-(Evdw,EClmb,Echarge)
        0 -9.82464E+01 -9.82464E+01  0.00000E+00 -1.369E+02  1.287E+00 -1.362E+00  5.208E-01 -1.398E-03  3.821E+01     0.00    0.00   -0.00  53    0.36********
       10 -9.82465E+01 -9.82467E+01  2.31406E-04 -1.369E+02  1.290E+00 -1.364E+00  5.214E-01 -1.397E-03  3.821E+01     0.08    0.00   -0.00   1    0.36    1.18
       20 -9.82466E+01 -9.82471E+01  4.78952E-04 -1.369E+02  1.287E+00 -1.366E+00  5.202E-01 -1.408E-03  3.821E+01     0.16    0.00   -0.00   1    0.36    1.14
       30 -9.82466E+01 -9.82473E+01  7.75703E-04 -1.369E+02  1.283E+00 -1.365E+00  5.186E-01 -1.412E-03  3.821E+01     0.26    0.00   -0.00   1    0.36    1.16
       40 -9.82467E+01 -9.82480E+01  1.29358E-03 -1.369E+02  1.295E+00 -1.365E+00  5.202E-01 -1.414E-03  3.821E+01     0.43    0.00   -0.00   1    0.36    1.14
       50 -9.82467E+01 -9.82485E+01  1.78704E-03 -1.369E+02  1.298E+00 -1.365E+00  5.201E-01 -1.408E-03  3.822E+01     0.60    0.00   -0.00   1    0.36    1.15
       60 -9.82465E+01 -9.82488E+01  2.34499E-03 -1.369E+02  1.291E+00 -1.366E+00  5.179E-01 -1.281E-03  3.823E+01     0.79    0.00   -0.00   1    0.36    1.14
       70 -9.82466E+01 -9.82497E+01  3.12074E-03 -1.369E+02  1.292E+00 -1.369E+00  5.177E-01 -1.281E-03  3.822E+01     1.05    0.00   -0.00   1    0.36    1.14
       80 -9.82467E+01 -9.82506E+01  3.92964E-03 -1.369E+02  1.293E+00 -1.368E+00  5.164E-01 -1.280E-03  3.821E+01     1.32    0.00   -0.00   1    0.36    1.14
       90 -9.82467E+01 -9.82515E+01  4.80665E-03 -1.369E+02  1.293E+00 -1.365E+00  5.148E-01 -1.288E-03  3.822E+01     1.61    0.00   -0.00   1    0.36    1.15
      100 -9.82469E+01 -9.82528E+01  5.88856E-03 -1.369E+02  1.299E+00 -1.366E+00  5.160E-01 -1.408E-03  3.823E+01     1.98    0.00   -0.00   1    0.36    1.14
      110 -9.82468E+01 -9.82538E+01  7.01032E-03 -1.369E+02  1.292E+00 -1.366E+00  5.155E-01 -1.424E-03  3.822E+01     2.35    0.00   -0.00   1    0.36    1.14
      120 -9.82466E+01 -9.82546E+01  8.05552E-03 -1.369E+02  1.283E+00 -1.366E+00  5.135E-01 -1.436E-03  3.820E+01     2.70    0.00   -0.00   1    0.36    1.14
      130 -9.82466E+01 -9.82560E+01  9.32981E-03 -1.369E+02  1.291E+00 -1.366E+00  5.136E-01 -1.457E-03  3.820E+01     3.13    0.00   -0.00   1    0.36    1.16
      140 -9.82465E+01 -9.82572E+01  1.06216E-02 -1.369E+02  1.296E+00 -1.366E+00  5.133E-01 -1.471E-03  3.822E+01     3.56    0.00   -0.00   1    0.36    1.14
      150 -9.82464E+01 -9.82583E+01  1.19225E-02 -1.369E+02  1.290E+00 -1.366E+00  5.126E-01 -1.472E-03  3.822E+01     4.00    0.00   -0.00   1    0.36    1.13
      160 -9.82463E+01 -9.82598E+01  1.34699E-02 -1.369E+02  1.289E+00 -1.370E+00  5.139E-01 -1.486E-03  3.821E+01     4.52    0.00   -0.00   1    0.36    1.14
      170 -9.82463E+01 -9.82614E+01  1.50287E-02 -1.369E+02  1.287E+00 -1.373E+00  5.130E-01 -1.485E-03  3.820E+01     5.04    0.00   -0.00   1    0.36    1.13
      180 -9.82462E+01 -9.82628E+01  1.65512E-02 -1.369E+02  1.288E+00 -1.374E+00  5.107E-01 -1.468E-03  3.822E+01     5.55    0.00   -0.00   1    0.36    1.13
      190 -9.82465E+01 -9.82647E+01  1.82246E-02 -1.369E+02  1.299E+00 -1.377E+00  5.113E-01 -1.464E-03  3.823E+01     6.12    0.00   -0.00   1    0.36    1.13
      200 -9.82465E+01 -9.82664E+01  1.99116E-02 -1.369E+02  1.297E+00 -1.379E+00  5.115E-01 -1.451E-03  3.822E+01     6.68    0.00   -0.00   1    0.36    1.13
      210 -9.82464E+01 -9.82680E+01  2.15201E-02 -1.369E+02  1.287E+00 -1.381E+00  5.104E-01 -1.437E-03  3.821E+01     7.22    0.00   -0.00   1    0.36    1.13
      220 -9.82463E+01 -9.82697E+01  2.33227E-02 -1.369E+02  1.292E+00 -1.384E+00  5.106E-01 -1.314E-03  3.822E+01     7.83    0.00   -0.00   1    0.36    1.14
      230 -9.82463E+01 -9.82715E+01  2.51394E-02 -1.369E+02  1.295E+00 -1.384E+00  5.088E-01 -1.306E-03  3.823E+01     8.44    0.00   -0.00   1    0.36    1.13
      240 -9.82461E+01 -9.82730E+01  2.68939E-02 -1.369E+02  1.292E+00 -1.383E+00  5.068E-01 -1.301E-03  3.822E+01     9.03    0.00   -0.00   1    0.36    1.13
      250 -9.82464E+01 -9.82752E+01  2.87787E-02 -1.369E+02  1.294E+00 -1.385E+00  5.075E-01 -1.291E-03  3.821E+01     9.66    0.00   -0.00   1    0.36    1.13
      260 -9.82464E+01 -9.82770E+01  3.06317E-02 -1.369E+02  1.286E+00 -1.386E+00  5.063E-01 -1.153E-03  3.821E+01    10.28    0.00   -0.00   1    0.36    1.13
      270 -9.82463E+01 -9.82787E+01  3.23760E-02 -1.369E+02  1.280E+00 -1.386E+00  5.043E-01 -1.131E-03  3.821E+01    10.87    0.00   -0.00   1    0.36    1.12
      280 -9.82463E+01 -9.82806E+01  3.42670E-02 -1.369E+02  1.289E+00 -1.386E+00  5.042E-01 -1.095E-03  3.821E+01    11.50    0.00   -0.00   1    0.36    1.10
      290 -9.82462E+01 -9.82823E+01  3.61163E-02 -1.369E+02  1.290E+00 -1.385E+00  5.025E-01 -1.071E-03  3.820E+01    12.12    0.00   -0.00   1    0.36    1.13
      300 -9.82462E+01 -9.82841E+01  3.79437E-02 -1.369E+02  1.284E+00 -1.386E+00  5.005E-01 -1.046E-03  3.821E+01    12.73    0.00   -0.00   1    0.36    1.11
      310 -9.82463E+01 -9.82861E+01  3.98160E-02 -1.369E+02  1.286E+00 -1.389E+00  5.010E-01 -1.025E-03  3.821E+01    13.36    0.00   -0.00   1    0.36    1.09
      320 -9.82463E+01 -9.82880E+01  4.16917E-02 -1.369E+02  1.285E+00 -1.389E+00  4.996E-01 -1.010E-03  3.821E+01    13.99    0.00   -0.00   1    0.36    1.12
      330 -9.82464E+01 -9.82898E+01  4.33988E-02 -1.369E+02  1.286E+00 -1.389E+00  4.972E-01 -9.968E-04  3.821E+01    14.56    0.00   -0.00   1    0.36    1.11
      340 -9.82466E+01 -9.82918E+01  4.51710E-02 -1.369E+02  1.295E+00 -1.391E+00  4.965E-01 -9.834E-04  3.822E+01    15.16    0.00   -0.00   1    0.36    1.09
      350 -9.82466E+01 -9.82935E+01  4.68908E-02 -1.369E+02  1.290E+00 -1.393E+00  4.944E-01 -9.699E-04  3.822E+01    15.74    0.00   -0.00   1    0.36    1.12
      360 -9.82467E+01 -9.82952E+01  4.85010E-02 -1.369E+02  1.283E+00 -1.394E+00  4.925E-01 -9.710E-04  3.821E+01    16.28    0.00   -0.00   1    0.36    1.10
      370 -9.82465E+01 -9.82967E+01  5.02095E-02 -1.369E+02  1.288E+00 -1.395E+00  4.933E-01 -8.584E-04  3.821E+01    16.85    0.00   -0.00   1    0.36    1.14
      380 -9.82466E+01 -9.82985E+01  5.18946E-02 -1.369E+02  1.290E+00 -1.395E+00  4.916E-01 -8.443E-04  3.821E+01    17.42    0.00   -0.00   1    0.36    1.12
      390 -9.82462E+01 -9.82996E+01  5.34439E-02 -1.369E+02  1.288E+00 -1.395E+00  4.894E-01 -8.308E-04  3.822E+01    17.94    0.00   -0.00   1    0.36    1.10
      400 -9.82460E+01 -9.83010E+01  5.49889E-02 -1.369E+02  1.288E+00 -1.397E+00  4.895E-01 -7.095E-04  3.821E+01    18.45    0.00   -0.00   1    0.36    1.10
      410 -9.82459E+01 -9.83023E+01  5.64289E-02 -1.369E+02  1.282E+00 -1.398E+00  4.887E-01 -6.927E-04  3.820E+01    18.94    0.00   -0.00   1    0.36    1.08
      420 -9.82457E+01 -9.83036E+01  5.78504E-02 -1.369E+02  1.281E+00 -1.398E+00  4.877E-01 -6.889E-04  3.820E+01    19.41    0.00   -0.00   1    0.36    1.10
      430 -9.82458E+01 -9.83051E+01  5.92684E-02 -1.369E+02  1.289E+00 -1.400E+00  4.883E-01 -6.873E-04  3.822E+01    19.89    0.00   -0.00   1    0.36    1.08
      440 -9.82457E+01 -9.83063E+01  6.06236E-02 -1.369E+02  1.286E+00 -1.402E+00  4.872E-01 -6.892E-04  3.822E+01    20.35    0.00   -0.00   1    0.36    1.10
      450 -9.82456E+01 -9.83075E+01  6.19308E-02 -1.369E+02  1.279E+00 -1.405E+00  4.857E-01 -6.920E-04  3.820E+01    20.78    0.00   -0.00   1    0.36    1.09
      460 -9.82457E+01 -9.83090E+01  6.32222E-02 -1.369E+02  1.284E+00 -1.409E+00  4.863E-01 -6.921E-04  3.820E+01    21.22    0.00   -0.00   1    0.36    1.11
      470 -9.82459E+01 -9.83104E+01  6.44692E-02 -1.369E+02  1.286E+00 -1.410E+00  4.854E-01 -6.893E-04  3.822E+01    21.64    0.00   -0.00   1    0.36    1.08
      480 -9.82459E+01 -9.83115E+01  6.56303E-02 -1.369E+02  1.287E+00 -1.412E+00  4.848E-01 -6.873E-04  3.823E+01    22.03    0.00   -0.00   1    0.36    1.12
      490 -9.82460E+01 -9.83127E+01  6.67361E-02 -1.369E+02  1.290E+00 -1.415E+00  4.856E-01 -6.866E-04  3.822E+01    22.40    0.00   -0.00   1    0.36    1.08
      500 -9.82462E+01 -9.83140E+01  6.77919E-02 -1.369E+02  1.285E+00 -1.417E+00  4.836E-01 -6.835E-04  3.821E+01    22.75    0.00   -0.00   1    0.36    1.11
      510 -9.82457E+01 -9.83145E+01  6.87950E-02 -1.369E+02  1.284E+00 -1.418E+00  4.824E-01 -5.551E-04  3.822E+01    23.09    0.00   -0.00   1    0.36    1.08
      520 -9.82458E+01 -9.83156E+01  6.97714E-02 -1.369E+02  1.291E+00 -1.419E+00  4.827E-01 -5.518E-04  3.823E+01    23.42    0.00   -0.00   1    0.36    1.10
      530 -9.82458E+01 -9.83166E+01  7.07325E-02 -1.369E+02  1.287E+00 -1.418E+00  4.818E-01 -5.487E-04  3.822E+01    23.74    0.00   -0.00   1    0.36    1.09
      540 -9.82459E+01 -9.83174E+01  7.15635E-02 -1.369E+02  1.281E+00 -1.419E+00  4.811E-01 -5.430E-04  3.821E+01    24.02    0.00   -0.00   1    0.36    1.12
      550 -9.82459E+01 -9.83183E+01  7.23496E-02 -1.369E+02  1.282E+00 -1.421E+00  4.809E-01 -5.331E-04  3.821E+01    24.28    0.00   -0.00   1    0.36    1.10
      560 -9.82459E+01 -9.83189E+01  7.30617E-02 -1.369E+02  1.280E+00 -1.420E+00  4.789E-01 -5.204E-04  3.822E+01    24.52    0.00   -0.00   1    0.36    1.11
      570 -9.82462E+01 -9.83200E+01  7.37279E-02 -1.369E+02  1.282E+00 -1.419E+00  4.780E-01 -6.136E-04  3.822E+01    24.74    0.00   -0.00   1    0.36    1.09
      580 -9.82463E+01 -9.83207E+01  7.43850E-02 -1.369E+02  1.286E+00 -1.420E+00  4.786E-01 -6.061E-04  3.821E+01    24.96    0.00   -0.00   1    0.36    1.13
      590 -9.82460E+01 -9.83210E+01  7.49788E-02 -1.369E+02  1.280E+00 -1.421E+00  4.775E-01 -4.839E-04  3.822E+01    25.16    0.00   -0.00   1    0.36    1.12
      600 -9.82464E+01 -9.83219E+01  7.55390E-02 -1.369E+02  1.279E+00 -1.423E+00  4.760E-01 -4.885E-04  3.822E+01    25.35    0.00   -0.00   1    0.36    1.09
      610 -9.82466E+01 -9.83227E+01  7.60687E-02 -1.369E+02  1.285E+00 -1.425E+00  4.755E-01 -5.100E-04  3.822E+01    25.53    0.00   -0.00   1    0.36    1.13
      620 -9.82465E+01 -9.83230E+01  7.64743E-02 -1.369E+02  1.286E+00 -1.425E+00  4.740E-01 -5.239E-04  3.822E+01    25.66    0.00   -0.00   1    0.36    1.14
      630 -9.82464E+01 -9.83233E+01  7.68615E-02 -1.369E+02  1.287E+00 -1.427E+00  4.743E-01 -5.405E-04  3.823E+01    25.79    0.00   -0.00   1    0.36    1.13
      640 -9.82465E+01 -9.83236E+01  7.71585E-02 -1.369E+02  1.286E+00 -1.429E+00  4.749E-01 -5.581E-04  3.823E+01    25.89    0.00   -0.00   1    0.36    1.11
      650 -9.82465E+01 -9.83240E+01  7.74487E-02 -1.369E+02  1.281E+00 -1.430E+00  4.742E-01 -5.767E-04  3.823E+01    25.99    0.00   -0.00   1    0.36    1.11
      660 -9.82465E+01 -9.83242E+01  7.76887E-02 -1.369E+02  1.284E+00 -1.430E+00  4.739E-01 -5.982E-04  3.822E+01    26.07    0.00   -0.00   1    0.36    1.14
      670 -9.82464E+01 -9.83243E+01  7.78652E-02 -1.369E+02  1.288E+00 -1.430E+00  4.740E-01 -6.224E-04  3.823E+01    26.13    0.00   -0.00   1    0.36    1.14
      680 -9.82465E+01 -9.83245E+01  7.79739E-02 -1.369E+02  1.284E+00 -1.431E+00  4.735E-01 -6.491E-04  3.823E+01    26.17    0.00   -0.00   1    0.36    1.11
      690 -9.82461E+01 -9.83242E+01  7.80150E-02 -1.369E+02  1.280E+00 -1.432E+00  4.747E-01 -6.531E-04  3.823E+01    26.18    0.00   -0.00   1    0.36    1.12
      700 -9.82461E+01 -9.83241E+01  7.80470E-02 -1.369E+02  1.279E+00 -1.433E+00  4.757E-01 -6.974E-04  3.822E+01    26.19    0.00   -0.00   1    0.36    1.07
      710 -9.82460E+01 -9.83240E+01  7.80199E-02 -1.369E+02  1.280E+00 -1.433E+00  4.747E-01 -7.495E-04  3.822E+01    26.18    0.00   -0.00   1    0.36    1.09
      720 -9.82456E+01 -9.83235E+01  7.79459E-02 -1.369E+02  1.284E+00 -1.434E+00  4.746E-01 -7.083E-04  3.824E+01    26.16    0.00   -0.00   1    0.36    1.08
      730 -9.82460E+01 -9.83240E+01  7.79381E-02 -1.369E+02  1.283E+00 -1.436E+00  4.748E-01 -8.871E-04  3.823E+01    26.16    0.00   -0.00   1    0.36    1.08
      740 -9.82463E+01 -9.83241E+01  7.78414E-02 -1.369E+02  1.278E+00 -1.437E+00  4.747E-01 -1.122E-03  3.822E+01    26.12    0.00   -0.00   1    0.36    1.10
      750 -9.82463E+01 -9.83240E+01  7.77070E-02 -1.369E+02  1.281E+00 -1.438E+00  4.754E-01 -1.223E-03  3.822E+01    26.08    0.00   -0.00   1    0.36    1.10
      760 -9.82463E+01 -9.83238E+01  7.75309E-02 -1.369E+02  1.287E+00 -1.439E+00  4.752E-01 -1.322E-03  3.824E+01    26.02    0.00   -0.00   1    0.36    1.09
      770 -9.82462E+01 -9.83235E+01  7.73194E-02 -1.369E+02  1.286E+00 -1.438E+00  4.741E-01 -1.421E-03  3.824E+01    25.95    0.00   -0.00   1    0.36    1.08
      780 -9.82462E+01 -9.83233E+01  7.70984E-02 -1.369E+02  1.285E+00 -1.439E+00  4.743E-01 -1.530E-03  3.823E+01    25.87    0.00   -0.00   1    0.36    1.09
      790 -9.82466E+01 -9.83234E+01  7.68389E-02 -1.369E+02  1.283E+00 -1.439E+00  4.743E-01 -1.752E-03  3.822E+01    25.79    0.00   -0.00   1    0.36    1.08
      800 -9.82464E+01 -9.83230E+01  7.66038E-02 -1.369E+02  1.282E+00 -1.438E+00  4.737E-01 -1.779E-03  3.824E+01    25.71    0.00   -0.00   1    0.36    1.10
      810 -9.82464E+01 -9.83227E+01  7.62765E-02 -1.369E+02  1.285E+00 -1.437E+00  4.740E-01 -1.919E-03  3.825E+01    25.60    0.00   -0.00   1    0.36    1.09
      820 -9.82464E+01 -9.83223E+01  7.59100E-02 -1.369E+02  1.283E+00 -1.436E+00  4.739E-01 -2.085E-03  3.823E+01    25.48    0.00   -0.00   1    0.36    1.09
      830 -9.82467E+01 -9.83222E+01  7.55252E-02 -1.369E+02  1.278E+00 -1.434E+00  4.737E-01 -2.416E-03  3.822E+01    25.35    0.00   -0.00   1    0.36    1.09
      840 -9.82468E+01 -9.83219E+01  7.50933E-02 -1.369E+02  1.278E+00 -1.434E+00  4.741E-01 -2.625E-03  3.823E+01    25.20    0.00   -0.00   1    0.36    1.10
      850 -9.82465E+01 -9.83212E+01  7.46442E-02 -1.369E+02  1.281E+00 -1.433E+00  4.744E-01 -2.815E-03  3.824E+01    25.05    0.00   -0.00   1    0.36    1.10
      860 -9.82465E+01 -9.83207E+01  7.42044E-02 -1.369E+02  1.281E+00 -1.432E+00  4.746E-01 -3.029E-03  3.823E+01    24.90    0.00   -0.00   1    0.36    1.09
      870 -9.82465E+01 -9.83203E+01  7.37578E-02 -1.369E+02  1.281E+00 -1.432E+00  4.750E-01 -3.256E-03  3.823E+01    24.75    0.00   -0.00   1    0.36    1.11
      880 -9.82465E+01 -9.83198E+01  7.33200E-02 -1.369E+02  1.279E+00 -1.434E+00  4.749E-01 -3.474E-03  3.823E+01    24.61    0.00   -0.00   1    0.36    1.09
      890 -9.82465E+01 -9.83193E+01  7.28726E-02 -1.369E+02  1.280E+00 -1.435E+00  4.745E-01 -3.674E-03  3.824E+01    24.46    0.00   -0.00   1    0.36    1.10
      900 -9.82465E+01 -9.83189E+01  7.23990E-02 -1.369E+02  1.285E+00 -1.435E+00  4.751E-01 -3.877E-03  3.824E+01    24.30    0.00   -0.00   1    0.36    1.09
      910 -9.82466E+01 -9.83185E+01  7.18899E-02 -1.369E+02  1.286E+00 -1.436E+00  4.754E-01 -4.199E-03  3.824E+01    24.13    0.00   -0.00   1    0.36    1.09
      920 -9.82466E+01 -9.83180E+01  7.14419E-02 -1.369E+02  1.284E+00 -1.437E+00  4.761E-01 -4.429E-03  3.824E+01    23.98    0.00   -0.00   1    0.36    1.09
      930 -9.82467E+01 -9.83176E+01  7.09352E-02 -1.369E+02  1.284E+00 -1.439E+00  4.772E-01 -4.771E-03  3.825E+01    23.81    0.00   -0.00   1    0.36    1.09
      940 -9.82466E+01 -9.83171E+01  7.04411E-02 -1.369E+02  1.284E+00 -1.439E+00  4.779E-01 -5.108E-03  3.824E+01    23.64    0.00   -0.00   1    0.36    1.13
      950 -9.82466E+01 -9.83165E+01  6.99170E-02 -1.369E+02  1.287E+00 -1.438E+00  4.784E-01 -5.361E-03  3.824E+01    23.46    0.00   -0.00   1    0.36    1.10
      960 -9.82466E+01 -9.83160E+01  6.94025E-02 -1.369E+02  1.288E+00 -1.438E+00  4.793E-01 -5.631E-03  3.824E+01    23.29    0.00   -0.00   1    0.36    1.11
      970 -9.82465E+01 -9.83154E+01  6.88712E-02 -1.369E+02  1.284E+00 -1.439E+00  4.799E-01 -5.895E-03  3.825E+01    23.11    0.00   -0.00   1    0.36    1.13
      980 -9.82465E+01 -9.83148E+01  6.83126E-02 -1.369E+02  1.281E+00 -1.440E+00  4.805E-01 -6.165E-03  3.824E+01    22.93    0.00   -0.00   1    0.36    1.11
      990 -9.82471E+01 -9.83149E+01  6.77769E-02 -1.369E+02  1.283E+00 -1.440E+00  4.807E-01 -6.578E-03  3.824E+01    22.75    0.00   -0.00   1    0.36    1.12
----------------------------------------------
        MAXNEIGHBS:           12
      MAXNEIGHBS10:          447
  MAXNBUFFER(MOVE):         2708
  MAXNBUFFER(COPY):        12817
    QEq Iterations:           54
       Memory (MB):       357.51
 
               QEq:       0.6323         0.6308
    qeq_initialize:       0.1050         0.0917
           get_hsh:       0.2511         0.2502
      get_gradient:       0.1373         0.1360
 
        LINKEDLIST:       2.0983         1.9876
         COPYATOMS:       6.6732         4.7388
      NEIGHBORLIST:       4.0552         4.0004
     GetNBPairList:      18.9075        18.2874
 
            BOCALC:       3.9854         3.8335
            ENbond:      12.3481        12.2275
             Ebond:       0.5937         0.5670
             Elnpr:       4.2739         4.1197
               Ehb:      10.9329        10.8379
               E3b:      19.1859        18.4841
               E4b:      28.2471        26.6544
  ForceBondedTerms:       2.4202         2.1715
 
          WriteBND:       0.0000         0.0000
          WritePDB:       0.0000         0.0000
           ReadBIN:       0.0117         0.0116
          WriteBIN:       0.0000         0.0000
 
       total (sec):     111.3481       111.3474
----------------------------------------------
    rxmd successfully finished
Application 3275941 resources: utime ~7140s, stime ~60s, Rss ~54464, inblocks ~0, outblocks ~0
